C:\USERS\WXQ\DESKTOP\LPDECODER\LPDECODER\RELEASE\LPCPLEXDECODER.OBJ
C:\USERS\WXQ\DESKTOP\LPDECODER\LPDECODER\RELEASE\VC110.PDB
C:\USERS\WXQ\DESKTOP\LPDECODER\RELEASE\LPDECODER.EXE
C:\Users\WXQ\Desktop\LpDecoder\LpDecoder\Release\GaussElimination.obj
C:\Users\WXQ\Desktop\LpDecoder\LpDecoder\Release\lpCplexDecoder.obj
C:\Users\WXQ\Desktop\LpDecoder\LpDecoder\Release\cl.command.1.tlog
C:\Users\WXQ\Desktop\LpDecoder\LpDecoder\Release\CL.read.1.tlog
C:\Users\WXQ\Desktop\LpDecoder\LpDecoder\Release\CL.write.1.tlog
C:\Users\WXQ\Desktop\LpDecoder\LpDecoder\Release\link-cvtres.read.1.tlog
C:\Users\WXQ\Desktop\LpDecoder\LpDecoder\Release\link-cvtres.write.1.tlog
C:\Users\WXQ\Desktop\LpDecoder\LpDecoder\Release\link-rc.read.1.tlog
C:\Users\WXQ\Desktop\LpDecoder\LpDecoder\Release\link-rc.write.1.tlog
C:\Users\WXQ\Desktop\LpDecoder\LpDecoder\Release\link.command.1.tlog
C:\Users\WXQ\Desktop\LpDecoder\LpDecoder\Release\link.read.1.tlog
C:\Users\WXQ\Desktop\LpDecoder\LpDecoder\Release\link.write.1.tlog
C:\Users\WXQ\Desktop\LpDecoder\LpDecoder\Release\mt.command.1.tlog
C:\Users\WXQ\Desktop\LpDecoder\LpDecoder\Release\mt.read.1.tlog
C:\Users\WXQ\Desktop\LpDecoder\LpDecoder\Release\mt.write.1.tlog
C:\Users\WXQ\Desktop\LpDecoder\LpDecoder\Release\LpDecoder.exe.intermediate.manifest
C:\Users\WXQ\Desktop\LpDecoder\LpDecoder\Release\vc100.pdb
C:\Users\WXQ\Desktop\LpDecoder\LpDecoder\Release\vc110.pdb
C:\Users\WXQ\Desktop\LpDecoder\Release\LpDecoder.pdb
C:\Users\WXQ\Desktop\LpDecoder\Release\LpDecoder.exe
