生成启动时间为 2014/11/13 16:35:32。
     1>项目“C:\Users\WXQ\Desktop\LpDecoder\LpDecoder\LpDecoder.vcxproj”在节点 2 上(Rebuild 个目标)。
     1>ClCompile:
         D:\Program Files\Microsoft Visual Studio 11.0\VC\bin\CL.exe /c /I"D:\Program Files\IBM\ILOG\CPLEX_Studio_Preview126\cplex\include" /I"D:\Program Files\IBM\ILOG\CPLEX_Studio_Preview126\concert\include" /Zi /nologo /W3 /WX- /O2 /Oi /Oy- /GL /D WIN32 /D NDEBUG /D _CONSOLE /D IL_STD /D _UNICODE /D UNICODE /Gm- /EHsc /MD /GS /Gy /fp:precise /Zc:wchar_t /Zc:forScope /Fo"Release\\" /Fd"Release\vc110.pdb" /Gd /TP /analyze- /errorReport:prompt lpCplexDecoder.cpp
         lpCplexDecoder.cpp
     1>lpCplexDecoder.cpp(135): warning C4244: “=”: 从“IloNum”转换到“float”，可能丢失数据
     1>lpCplexDecoder.cpp(81): warning C4101: “end”: 未引用的局部变量
     1>lpCplexDecoder.cpp(81): warning C4101: “start”: 未引用的局部变量
     1>lpCplexDecoder.cpp(192): warning C4996: 'fopen': This function or variable may be unsafe. Consider using fopen_s instead. To disable deprecation, use _CRT_SECURE_NO_WARNINGS. See online help for details.
                 D:\Program Files\Microsoft Visual Studio 11.0\VC\include\stdio.h(218) : 参见“fopen”的声明
     1>lpCplexDecoder.cpp(199): warning C4996: 'fscanf': This function or variable may be unsafe. Consider using fscanf_s instead. To disable deprecation, use _CRT_SECURE_NO_WARNINGS. See online help for details.
                 D:\Program Files\Microsoft Visual Studio 11.0\VC\include\stdio.h(237) : 参见“fscanf”的声明
     1>lpCplexDecoder.cpp(200): warning C4996: 'fscanf': This function or variable may be unsafe. Consider using fscanf_s instead. To disable deprecation, use _CRT_SECURE_NO_WARNINGS. See online help for details.
                 D:\Program Files\Microsoft Visual Studio 11.0\VC\include\stdio.h(237) : 参见“fscanf”的声明
     1>lpCplexDecoder.cpp(202): warning C4996: 'fscanf': This function or variable may be unsafe. Consider using fscanf_s instead. To disable deprecation, use _CRT_SECURE_NO_WARNINGS. See online help for details.
                 D:\Program Files\Microsoft Visual Studio 11.0\VC\include\stdio.h(237) : 参见“fscanf”的声明
     1>lpCplexDecoder.cpp(203): warning C4996: 'fscanf': This function or variable may be unsafe. Consider using fscanf_s instead. To disable deprecation, use _CRT_SECURE_NO_WARNINGS. See online help for details.
                 D:\Program Files\Microsoft Visual Studio 11.0\VC\include\stdio.h(237) : 参见“fscanf”的声明
     1>lpCplexDecoder.cpp(208): warning C4996: 'fscanf': This function or variable may be unsafe. Consider using fscanf_s instead. To disable deprecation, use _CRT_SECURE_NO_WARNINGS. See online help for details.
                 D:\Program Files\Microsoft Visual Studio 11.0\VC\include\stdio.h(237) : 参见“fscanf”的声明
     1>lpCplexDecoder.cpp(214): warning C4996: 'fscanf': This function or variable may be unsafe. Consider using fscanf_s instead. To disable deprecation, use _CRT_SECURE_NO_WARNINGS. See online help for details.
                 D:\Program Files\Microsoft Visual Studio 11.0\VC\include\stdio.h(237) : 参见“fscanf”的声明
     1>lpCplexDecoder.cpp(241): warning C4996: 'fscanf': This function or variable may be unsafe. Consider using fscanf_s instead. To disable deprecation, use _CRT_SECURE_NO_WARNINGS. See online help for details.
                 D:\Program Files\Microsoft Visual Studio 11.0\VC\include\stdio.h(237) : 参见“fscanf”的声明
     1>lpCplexDecoder.cpp(260): warning C4996: 'fscanf': This function or variable may be unsafe. Consider using fscanf_s instead. To disable deprecation, use _CRT_SECURE_NO_WARNINGS. See online help for details.
                 D:\Program Files\Microsoft Visual Studio 11.0\VC\include\stdio.h(237) : 参见“fscanf”的声明
     1>lpCplexDecoder.cpp(275): warning C4996: 'fopen': This function or variable may be unsafe. Consider using fopen_s instead. To disable deprecation, use _CRT_SECURE_NO_WARNINGS. See online help for details.
                 D:\Program Files\Microsoft Visual Studio 11.0\VC\include\stdio.h(218) : 参见“fopen”的声明
     1>lpCplexDecoder.cpp(353): warning C4996: 'fopen': This function or variable may be unsafe. Consider using fopen_s instead. To disable deprecation, use _CRT_SECURE_NO_WARNINGS. See online help for details.
                 D:\Program Files\Microsoft Visual Studio 11.0\VC\include\stdio.h(218) : 参见“fopen”的声明
     1>lpCplexDecoder.cpp(387): warning C4996: 'fopen': This function or variable may be unsafe. Consider using fopen_s instead. To disable deprecation, use _CRT_SECURE_NO_WARNINGS. See online help for details.
                 D:\Program Files\Microsoft Visual Studio 11.0\VC\include\stdio.h(218) : 参见“fopen”的声明
     1>lpCplexDecoder.cpp(379): warning C4101: “s”: 未引用的局部变量
     1>lpCplexDecoder.cpp(382): warning C4101: “R”: 未引用的局部变量
       Link:
         D:\Program Files\Microsoft Visual Studio 11.0\VC\bin\link.exe /ERRORREPORT:PROMPT /OUT:"C:\Users\WXQ\Desktop\LpDecoder\Release\LpDecoder.exe" /INCREMENTAL:NO /NOLOGO kernel32.lib user32.lib gdi32.lib winspool.lib comdlg32.lib advapi32.lib shell32.lib ole32.lib oleaut32.lib uuid.lib odbc32.lib odbccp32.lib "D:\Program Files\IBM\ILOG\CPLEX_Studio_Preview126\cplex\lib\x86_windows_vs2012\stat_mda\cplex1260.lib" "D:\Program Files\IBM\ILOG\CPLEX_Studio_Preview126\cplex\lib\x86_windows_vs2012\stat_mda\ilocplex.lib" "D:\Program Files\IBM\ILOG\CPLEX_Studio_Preview126\concert\lib\x86_windows_vs2012\stat_mda\concert.lib" /MANIFEST /MANIFESTUAC:"level='asInvoker' uiAccess='false'" /manifest:embed /PDB:"C:\Users\WXQ\Desktop\LpDecoder\Release\LpDecoder.pdb" /SUBSYSTEM:CONSOLE /OPT:REF /OPT:ICF /LTCG /TLBID:1 /DYNAMICBASE /NXCOMPAT /IMPLIB:"C:\Users\WXQ\Desktop\LpDecoder\Release\LpDecoder.lib" /MACHINE:X86 /SAFESEH Release\lpCplexDecoder.obj
         正在生成代码
         已完成代码的生成
         LpDecoder.vcxproj -> C:\Users\WXQ\Desktop\LpDecoder\Release\LpDecoder.exe
     1>已完成生成项目“C:\Users\WXQ\Desktop\LpDecoder\LpDecoder\LpDecoder.vcxproj”(Rebuild 个目标)的操作。

生成成功。

已用时间 00:00:05.27
